2024-03-02 19:16:11,378 - INFO - starting app
2024-03-02 19:16:15,926 - INFO - starting app
2024-03-02 19:16:25,871 - INFO - starting app
2024-03-02 19:18:46,833 - INFO - starting app
2024-03-02 19:19:14,191 - INFO - Starting ................
2024-03-02 19:19:14,196 - INFO - ended.
2024-03-02 19:19:28,446 - INFO - starting app
2024-03-02 19:19:30,576 - INFO - starting app
2024-03-02 19:19:36,861 - INFO - starting app
2024-03-02 19:19:43,197 - INFO - starting app
2024-03-02 19:19:45,903 - INFO - Starting ................
2024-03-02 19:19:45,906 - INFO - ended. process_time: 0.0024340152740478516
2024-03-02 19:20:15,078 - INFO - starting app
2024-03-02 19:20:30,307 - INFO - starting app
2024-03-02 19:20:35,664 - INFO - starting app
2024-03-02 19:20:37,714 - INFO - starting app
2024-03-02 19:20:39,891 - INFO - starting app
2024-03-02 19:20:47,219 - INFO - starting app
2024-03-02 19:20:53,804 - INFO - starting app
2024-03-02 19:21:08,017 - INFO - starting app
2024-03-02 19:21:26,439 - INFO - Starting ................
2024-03-02 19:21:26,445 - INFO - ended. process_time: 0.005656003952026367
2024-03-02 19:21:32,982 - INFO - Starting ................
2024-03-02 19:21:32,997 - WARNING - Product is no more available
2024-03-02 19:21:33,000 - INFO - ended. process_time: 0.016301870346069336
2024-03-02 19:23:50,654 - INFO - starting app
2024-03-02 19:24:23,889 - INFO - starting app
2024-03-02 19:24:34,789 - INFO - starting app
2024-03-06 18:09:26,295 - INFO - starting app
2024-03-06 18:09:57,432 - INFO - Starting ................
2024-03-06 18:09:57,436 - INFO - ended. process_time: 0.002228975296020508
2024-03-06 18:09:57,441 - INFO - Starting ................
2024-03-06 18:09:57,443 - INFO - ended. process_time: 0.001461029052734375
2024-03-06 18:09:58,387 - INFO - Starting ................
2024-03-06 18:09:58,405 - INFO - ended. process_time: 0.017193317413330078
2024-03-06 18:10:06,267 - INFO - Starting ................
2024-03-06 18:10:06,277 - INFO - ended. process_time: 0.009024858474731445
2024-03-06 18:10:38,758 - INFO - Starting ................
2024-03-06 18:10:38,770 - ERROR - An error occurred while processing
2024-03-06 18:12:00,923 - INFO - starting app
2024-03-06 18:12:03,093 - INFO - starting app
2024-03-06 18:12:23,765 - INFO - Starting ................
2024-03-06 18:12:23,770 - INFO - ended. process_time: 0.00460505485534668
2024-03-06 18:12:26,434 - INFO - Starting ................
2024-03-06 18:12:26,436 - ERROR - An error occurred while processing
2024-03-06 18:12:38,696 - INFO - starting app
2024-03-06 18:12:39,746 - INFO - Starting ................
2024-03-06 18:12:39,749 - INFO - ended. process_time: 0.0029571056365966797
2024-03-06 18:12:40,271 - INFO - Starting ................
2024-03-06 18:12:40,272 - ERROR - An error occurred while processing
2024-03-06 18:17:01,115 - INFO - starting app
2024-03-06 18:17:05,185 - INFO - starting app
2024-03-06 18:17:09,985 - INFO - starting app
2024-03-06 18:17:11,056 - INFO - starting app
2024-03-06 18:18:13,007 - INFO - starting app
2024-03-06 18:18:32,206 - INFO - starting app
2024-03-06 18:18:33,866 - INFO - starting app
2024-03-06 18:18:39,865 - INFO - starting app
2024-03-06 18:18:43,462 - INFO - starting app
2024-03-06 18:18:47,534 - INFO - starting app
2024-03-06 18:18:57,438 - INFO - starting app
2024-03-06 18:19:06,476 - INFO - starting app
2024-03-06 18:19:08,784 - INFO - Starting ................
2024-03-06 18:19:08,793 - INFO - ended. process_time: 0.007317066192626953
2024-03-06 18:19:10,522 - INFO - Starting ................
2024-03-06 18:19:10,525 - ERROR - An error occurred while processing
2024-03-06 18:22:31,064 - INFO - starting app
2024-03-06 18:22:34,177 - INFO - starting app
2024-03-06 18:22:37,594 - INFO - starting app
2024-03-06 18:23:18,108 - INFO - starting app
2024-03-06 18:24:11,576 - INFO - starting app
2024-03-06 18:24:12,796 - INFO - starting app
2024-03-06 18:24:15,812 - INFO - Starting ................
2024-03-06 18:24:15,814 - ERROR - An error occurred while processing
2024-03-06 18:24:16,915 - INFO - Starting ................
2024-03-06 18:24:16,917 - ERROR - An error occurred while processing
2024-03-06 18:24:52,731 - INFO - starting app
2024-03-06 18:25:05,424 - INFO - starting app
2024-03-06 18:25:06,877 - INFO - starting app
2024-03-06 18:25:09,020 - INFO - starting app
2024-03-06 18:25:12,353 - INFO - starting app
2024-03-06 18:25:22,153 - INFO - starting app
2024-03-06 18:25:27,902 - INFO - Starting ................
2024-03-06 18:25:27,905 - INFO - ended. process_time: 0.003323793411254883
2024-03-06 18:25:28,843 - INFO - Starting ................
2024-03-06 18:25:28,844 - ERROR - An error occurred while processing
2024-03-06 18:25:29,946 - INFO - Starting ................
2024-03-06 18:25:29,947 - ERROR - An error occurred while processing
2024-03-06 18:26:03,493 - INFO - starting app
2024-03-06 18:26:47,256 - INFO - starting app
2024-03-06 18:26:52,446 - INFO - starting app
2024-03-06 18:26:53,766 - INFO - starting app
2024-03-06 18:26:55,600 - INFO - starting app
2024-03-06 18:27:04,349 - INFO - Starting ................
2024-03-06 18:27:04,355 - INFO - ended. process_time: 0.004580020904541016
2024-03-06 18:27:05,264 - INFO - Starting ................
2024-03-06 18:27:05,265 - ERROR - An error occurred while processing
2024-03-06 18:27:06,192 - INFO - Starting ................
2024-03-06 18:27:06,193 - ERROR - An error occurred while processing
2024-03-06 18:27:37,632 - INFO - starting app
2024-03-06 18:27:42,012 - INFO - Starting ................
2024-03-06 18:27:42,028 - INFO - ended. process_time: 0.015030145645141602
2024-03-06 18:27:42,695 - INFO - Starting ................
2024-03-06 18:27:42,696 - ERROR - An error occurred while processing
2024-03-06 18:30:31,616 - INFO - starting app
2024-03-06 18:30:35,447 - INFO - starting app
2024-03-06 18:30:37,386 - INFO - starting app
2024-03-06 18:30:41,191 - INFO - Starting ................
2024-03-06 18:30:41,196 - INFO - ended. process_time: 0.004773139953613281
2024-03-06 18:30:42,013 - INFO - Starting ................
2024-03-06 18:30:42,014 - ERROR - An error occurred while processing
2024-03-06 18:31:10,531 - INFO - starting app
2024-03-06 18:31:12,619 - INFO - starting app
2024-03-06 18:31:15,232 - INFO - starting app
2024-03-06 18:31:17,164 - INFO - starting app
2024-03-06 18:31:19,323 - INFO - starting app
2024-03-06 18:31:21,619 - INFO - starting app
2024-03-06 18:31:25,947 - INFO - Starting ................
2024-03-06 18:31:25,956 - INFO - ended. process_time: 0.008577108383178711
2024-03-06 18:31:27,319 - INFO - Starting ................
2024-03-06 18:31:27,324 - ERROR - An error occurred while processing
2024-03-06 18:32:59,658 - INFO - starting app
2024-03-06 18:33:07,336 - INFO - starting app
2024-03-06 18:33:10,991 - INFO - starting app
2024-03-06 18:33:15,085 - INFO - starting app
2024-03-06 18:33:18,066 - INFO - starting app
2024-03-06 18:33:23,934 - INFO - Starting ................
2024-03-06 18:33:23,937 - INFO - ended. process_time: 0.0023851394653320312
2024-03-06 18:33:24,952 - INFO - Starting ................
2024-03-06 18:33:24,953 - INFO - ended. process_time: 0.0008842945098876953
2024-03-06 18:33:25,402 - INFO - Starting ................
2024-03-06 18:33:25,403 - INFO - ended. process_time: 0.001065969467163086
2024-03-06 18:33:25,579 - INFO - Starting ................
2024-03-06 18:33:25,580 - INFO - ended. process_time: 0.0012450218200683594
2024-03-06 18:33:25,964 - INFO - Starting ................
2024-03-06 18:33:25,966 - INFO - ended. process_time: 0.0009338855743408203
2024-03-06 18:35:14,085 - INFO - starting app
2024-03-06 18:35:15,197 - INFO - starting app
2024-03-06 18:39:56,013 - INFO - starting app
2024-03-06 18:40:01,224 - INFO - starting app
2024-03-06 18:40:04,486 - INFO - starting app
2024-03-06 18:40:09,663 - INFO - starting app
2024-03-06 18:40:14,368 - INFO - starting app
2024-03-06 18:40:19,974 - INFO - starting app
2024-03-06 18:40:24,558 - INFO - starting app
2024-03-06 18:40:33,377 - INFO - starting app
2024-03-06 18:40:39,154 - INFO - Starting ................
2024-03-06 18:40:39,159 - INFO - ended. process_time: 0.002850055694580078
2024-03-06 18:40:40,149 - INFO - Starting ................
2024-03-06 18:40:40,151 - INFO - ended. process_time: 0.0010747909545898438
2024-03-06 18:40:40,754 - INFO - Starting ................
2024-03-06 18:40:40,757 - INFO - ended. process_time: 0.002474069595336914
2024-03-06 18:40:41,484 - INFO - Starting ................
2024-03-06 18:40:41,485 - INFO - ended. process_time: 0.0008759498596191406
2024-03-06 18:40:42,347 - INFO - Starting ................
2024-03-06 18:40:42,348 - INFO - ended. process_time: 0.0013439655303955078
2024-03-06 18:40:49,273 - INFO - starting app
2024-03-06 18:40:50,732 - INFO - starting app
2024-03-06 18:40:51,727 - INFO - Starting ................
2024-03-06 18:40:51,736 - INFO - ended. process_time: 0.008332252502441406
2024-03-06 18:40:53,135 - INFO - Starting ................
2024-03-06 18:40:53,150 - INFO - ended. process_time: 0.013981342315673828
2024-03-06 18:40:53,840 - INFO - Starting ................
2024-03-06 18:40:53,842 - INFO - ended. process_time: 0.0016391277313232422
2024-03-06 18:40:54,384 - INFO - Starting ................
2024-03-06 18:40:54,385 - INFO - ended. process_time: 0.0014209747314453125
2024-03-06 18:40:54,794 - INFO - Starting ................
2024-03-06 18:40:54,796 - INFO - ended. process_time: 0.0013148784637451172
2024-03-06 18:40:55,248 - INFO - Starting ................
2024-03-06 18:40:55,249 - INFO - ended. process_time: 0.0011162757873535156
2024-03-06 18:40:55,706 - INFO - Starting ................
2024-03-06 18:40:55,708 - INFO - ended. process_time: 0.0012581348419189453
2024-03-06 18:40:56,262 - INFO - Starting ................
2024-03-06 18:40:56,263 - INFO - ended. process_time: 0.0011589527130126953
2024-03-06 18:41:08,258 - INFO - starting app
2024-03-06 18:41:10,588 - INFO - Starting ................
2024-03-06 18:41:10,594 - INFO - ended. process_time: 0.005263805389404297
2024-03-06 18:41:11,381 - INFO - Starting ................
2024-03-06 18:41:11,382 - INFO - ended. process_time: 0.001220703125
2024-03-06 18:41:11,964 - INFO - Starting ................
2024-03-06 18:41:11,965 - INFO - ended. process_time: 0.0014662742614746094
2024-03-06 18:56:22,061 - INFO - starting app
2024-03-06 19:02:04,545 - INFO - starting app
2024-03-06 19:02:40,951 - INFO - starting app
2024-03-06 19:02:45,026 - INFO - starting app
2024-03-06 19:17:07,251 - INFO - starting app
2024-03-06 19:17:08,381 - INFO - starting app
2024-03-06 19:17:11,856 - INFO - starting app
2024-03-06 19:17:28,534 - INFO - starting app
2024-03-06 19:18:02,196 - INFO - starting app
2024-03-06 19:18:05,548 - INFO - starting app
2024-03-11 11:27:54,894 - INFO - starting app
2024-03-11 11:27:56,655 - INFO - starting app
2024-03-11 11:28:09,486 - INFO - Starting ................
2024-03-11 11:28:09,486 - INFO - ended. process_time: 0.0
2024-03-11 11:28:15,676 - INFO - Starting ................
2024-03-11 11:28:15,692 - INFO - ended. process_time: 0.0
2024-03-11 11:28:19,616 - INFO - Starting ................
2024-03-11 11:28:19,636 - INFO - ended. process_time: 0.01915907859802246
2024-03-11 11:31:18,474 - INFO - Starting ................
2024-03-11 11:31:18,493 - ERROR - An error occurred while processing
2024-03-11 11:31:37,681 - INFO - Starting ................
2024-03-11 11:31:37,682 - INFO - ended. process_time: 0.0006737709045410156
2024-03-11 11:35:16,273 - INFO - starting app
2024-03-11 11:35:17,945 - INFO - starting app
2024-03-11 11:35:52,503 - INFO - Starting ................
2024-03-11 11:35:52,520 - ERROR - An error occurred while processing
2024-03-11 11:38:30,278 - INFO - starting app
2024-03-11 11:38:32,043 - INFO - starting app
2024-03-11 11:39:06,659 - INFO - starting app
2024-03-11 11:39:08,034 - INFO - starting app
2024-03-11 11:39:27,733 - INFO - starting app
2024-03-11 11:39:31,434 - INFO - starting app
2024-03-11 11:39:41,404 - INFO - Starting ................
2024-03-11 11:39:41,404 - INFO - ended. process_time: 0.0
2024-03-11 11:39:52,490 - INFO - Starting ................
2024-03-11 11:39:52,491 - INFO - ended. process_time: 0.0001888275146484375
2024-03-11 11:40:02,353 - INFO - Starting ................
2024-03-11 11:40:02,354 - INFO - ended. process_time: 0.0
2024-03-11 12:03:41,384 - INFO - starting app
2024-03-11 12:06:01,150 - INFO - starting app
2024-03-11 12:06:02,372 - INFO - starting app
2024-03-11 12:06:27,187 - INFO - Starting ................
2024-03-11 12:06:27,189 - INFO - ended. process_time: 0.0010008811950683594
2024-03-11 12:06:28,881 - INFO - Starting ................
2024-03-11 12:06:28,897 - INFO - ended. process_time: 0.015649795532226562
2024-03-11 12:06:39,903 - INFO - Starting ................
2024-03-11 12:06:39,903 - INFO - ended. process_time: 0.0
2024-03-11 12:07:14,942 - INFO - Starting ................
2024-03-11 12:07:14,943 - INFO - ended. process_time: 0.0003287792205810547
2024-03-11 12:09:36,053 - INFO - starting app
2024-03-11 12:09:37,298 - INFO - starting app
2024-03-11 12:10:02,135 - INFO - Starting ................
2024-03-11 12:10:02,135 - INFO - ended. process_time: 0.0
2024-03-11 12:10:28,578 - INFO - Starting ................
2024-03-11 12:10:28,580 - ERROR - An error occurred while processing
2024-03-11 12:13:14,925 - INFO - Starting ................
2024-03-11 12:13:14,925 - INFO - ended. process_time: 0.0
2024-03-11 12:13:22,844 - INFO - Starting ................
2024-03-11 12:13:22,847 - ERROR - An error occurred while processing
2024-03-11 12:14:24,388 - INFO - starting app
2024-03-11 12:14:26,175 - INFO - starting app
2024-03-11 12:14:32,585 - INFO - Starting ................
2024-03-11 12:14:32,585 - ERROR - An error occurred while processing
2024-03-11 12:15:51,530 - INFO - starting app
2024-03-11 12:15:52,797 - INFO - starting app
2024-03-11 12:16:03,437 - INFO - Starting ................
2024-03-11 12:16:03,437 - ERROR - An error occurred while processing
2024-03-11 12:17:39,362 - INFO - starting app
2024-03-11 12:17:40,628 - INFO - starting app
2024-03-11 12:17:47,467 - INFO - starting app
2024-03-11 12:17:48,748 - INFO - starting app
2024-03-11 12:17:58,088 - INFO - Starting ................
2024-03-11 12:17:58,088 - ERROR - An error occurred while processing
2024-03-11 12:18:55,570 - INFO - Starting ................
2024-03-11 12:18:55,570 - INFO - ended. process_time: 0.0
2024-03-11 12:18:57,141 - INFO - Starting ................
2024-03-11 12:18:57,156 - INFO - ended. process_time: 0.015206336975097656
2024-03-11 12:19:15,247 - INFO - Starting ................
2024-03-11 12:19:15,256 - ERROR - An error occurred while processing
2024-03-11 12:19:48,210 - INFO - starting app
2024-03-11 12:19:49,564 - INFO - starting app
2024-03-11 12:20:09,601 - INFO - starting app
2024-03-11 12:20:10,880 - INFO - starting app
2024-03-11 12:20:37,851 - INFO - Starting ................
2024-03-11 12:20:37,851 - ERROR - An error occurred while processing
2024-03-11 12:22:23,541 - INFO - starting app
2024-03-11 12:22:24,782 - INFO - starting app
2024-03-11 12:22:37,378 - INFO - Starting ................
2024-03-11 12:22:37,378 - ERROR - An error occurred while processing
2024-03-11 12:23:01,727 - INFO - starting app
2024-03-11 12:23:02,821 - INFO - starting app
2024-03-11 12:32:13,282 - INFO - starting app
2024-03-11 12:32:17,840 - INFO - starting app
2024-03-11 12:36:37,558 - INFO - Starting ................
2024-03-11 12:36:37,558 - INFO - ended. process_time: 0.0
2024-03-11 12:36:39,096 - INFO - Starting ................
2024-03-11 12:36:39,111 - INFO - ended. process_time: 0.01563262939453125
2024-03-11 12:36:49,253 - INFO - Starting ................
2024-03-11 12:36:49,254 - INFO - ended. process_time: 0.0
2024-03-11 12:37:39,497 - INFO - starting app
2024-03-11 12:37:41,407 - INFO - starting app
2024-03-11 12:37:48,112 - INFO - Starting ................
2024-03-11 12:37:48,112 - INFO - ended. process_time: 0.0
2024-03-11 12:39:12,010 - INFO - starting app
2024-03-11 12:39:13,091 - INFO - starting app
2024-03-11 12:39:35,428 - INFO - Starting ................
2024-03-11 12:40:08,774 - INFO - starting app
2024-03-11 12:40:09,877 - INFO - starting app
2024-03-11 12:40:15,274 - INFO - Starting ................
2024-03-11 12:40:31,867 - INFO - starting app
2024-03-11 12:40:33,190 - INFO - starting app
2024-03-11 12:40:37,830 - INFO - Starting ................
2024-03-11 12:40:37,830 - INFO - ended. process_time: 0.0
2024-03-11 12:41:02,317 - INFO - Starting ................
2024-03-11 12:41:02,318 - INFO - ended. process_time: 0.0
2024-03-11 12:41:10,550 - INFO - Starting ................
2024-03-11 12:41:10,558 - INFO - ended. process_time: 0.007863044738769531
2024-03-11 12:41:19,653 - INFO - Starting ................
2024-03-11 12:41:19,656 - ERROR - An error occurred while processing
2024-03-11 12:42:33,070 - INFO - starting app
2024-03-11 12:42:34,286 - INFO - starting app
2024-03-11 12:42:47,244 - INFO - Starting ................
2024-03-11 12:42:47,244 - INFO - ended. process_time: 0.0
2024-03-11 12:43:06,290 - INFO - Starting ................
2024-03-11 12:43:06,292 - INFO - ended. process_time: 0.0003006458282470703
2024-03-11 12:43:22,961 - INFO - Starting ................
2024-03-11 12:43:22,961 - INFO - ended. process_time: 0.0
2024-03-11 12:48:20,837 - INFO - Starting ................
2024-03-11 12:48:20,837 - INFO - ended. process_time: 0.0
2024-03-11 12:49:22,315 - INFO - Starting ................
2024-03-11 12:49:22,315 - INFO - ended. process_time: 0.0
2024-03-11 13:03:58,193 - INFO - starting app
2024-03-11 13:04:00,831 - INFO - starting app
2024-03-11 13:48:46,793 - INFO - starting app
2024-03-11 13:48:53,168 - INFO - starting app
2024-03-11 13:49:16,128 - INFO - starting app
2024-03-11 13:49:17,526 - INFO - starting app
2024-03-11 13:57:19,263 - INFO - Starting ................
2024-03-11 13:57:19,263 - INFO - ended. process_time: 0.0
2024-03-11 13:57:20,857 - INFO - Starting ................
2024-03-11 13:57:20,864 - INFO - ended. process_time: 0.007577419281005859
2024-03-11 13:57:29,539 - INFO - Starting ................
2024-03-11 13:57:29,540 - INFO - ended. process_time: 0.00022149085998535156
2024-03-11 13:58:14,650 - INFO - Starting ................
2024-03-11 13:58:14,651 - INFO - ended. process_time: 0.0
2024-03-11 13:58:39,470 - INFO - Starting ................
2024-03-11 13:58:39,480 - INFO - ended. process_time: 0.010383129119873047
2024-03-11 13:58:47,488 - INFO - Starting ................
2024-03-11 13:58:47,489 - INFO - ended. process_time: 0.0003764629364013672
2024-03-11 13:59:38,227 - INFO - Starting ................
2024-03-11 13:59:38,227 - INFO - ended. process_time: 0.0
2024-03-11 14:00:27,023 - INFO - starting app
2024-03-11 14:00:31,614 - INFO - starting app
2024-03-11 14:00:50,583 - INFO - Starting ................
2024-03-11 14:00:50,583 - INFO - ended. process_time: 0.0
2024-03-11 14:01:09,310 - INFO - Starting ................
2024-03-11 14:01:09,311 - INFO - ended. process_time: 0.0001800060272216797
2024-03-11 14:01:20,810 - INFO - Starting ................
2024-03-11 14:01:20,810 - INFO - ended. process_time: 0.0
2024-03-11 14:01:26,325 - INFO - Starting ................
2024-03-11 14:01:26,327 - INFO - ended. process_time: 0.0005586147308349609
2024-03-11 14:01:40,854 - INFO - Starting ................
2024-03-11 14:01:40,854 - INFO - ended. process_time: 0.0
2024-03-11 14:03:30,868 - INFO - starting app
2024-03-11 14:03:32,508 - INFO - starting app
2024-03-11 14:03:45,877 - INFO - Starting ................
2024-03-11 14:03:45,878 - INFO - ended. process_time: 0.0
2024-03-11 14:03:53,187 - INFO - Starting ................
2024-03-11 14:03:53,189 - INFO - ended. process_time: 0.001981019973754883
2024-03-11 14:03:57,736 - INFO - Starting ................
2024-03-11 14:03:57,737 - INFO - ended. process_time: 0.0016140937805175781
2024-03-11 14:04:08,217 - INFO - Starting ................
2024-03-11 14:04:08,219 - INFO - ended. process_time: 0.0
2024-03-11 14:04:27,997 - INFO - starting app
2024-03-11 14:04:29,182 - INFO - starting app
2024-03-11 14:04:35,128 - INFO - Starting ................
2024-03-11 14:04:35,133 - INFO - ended. process_time: 0.005052089691162109
2024-03-11 14:04:41,866 - INFO - Starting ................
2024-03-11 14:04:41,869 - INFO - ended. process_time: 0.002674579620361328
2024-03-11 14:04:48,680 - INFO - Starting ................
2024-03-11 14:04:48,680 - ERROR - An error occurred while processing
2024-03-11 14:05:03,130 - INFO - starting app
2024-03-11 14:05:04,256 - INFO - starting app
2024-03-11 14:05:19,251 - INFO - starting app
2024-03-11 14:05:21,592 - INFO - starting app
2024-03-11 14:09:44,310 - INFO - Starting ................
2024-03-11 14:09:44,315 - INFO - ended. process_time: 0.004179716110229492
2024-03-11 14:09:51,440 - INFO - Starting ................
2024-03-11 14:09:51,454 - INFO - ended. process_time: 0.013001203536987305
2024-03-11 14:09:56,140 - INFO - Starting ................
2024-03-11 14:09:56,144 - INFO - ended. process_time: 0.0020294189453125
2024-03-11 14:10:06,934 - INFO - Starting ................
2024-03-11 14:10:06,940 - INFO - ended. process_time: 0.0040471553802490234
2024-03-11 14:10:42,794 - INFO - Starting ................
2024-03-11 14:10:42,796 - INFO - ended. process_time: 0.0019948482513427734
2024-03-11 14:10:52,116 - INFO - Starting ................
2024-03-11 14:10:52,118 - INFO - ended. process_time: 0.000997304916381836
2024-03-11 14:11:32,157 - INFO - Starting ................
2024-03-11 14:11:32,161 - INFO - ended. process_time: 0.0027136802673339844
2024-03-11 14:11:45,176 - INFO - Starting ................
2024-03-11 14:11:45,178 - INFO - ended. process_time: 0.001995563507080078
2024-03-11 14:11:57,741 - INFO - Starting ................
2024-03-11 14:11:57,803 - INFO - ended. process_time: 0.061420440673828125
2024-03-11 14:14:00,744 - INFO - Starting ................
2024-03-11 14:14:00,747 - INFO - ended. process_time: 0.0029909610748291016
2024-03-11 14:14:21,859 - INFO - Starting ................
2024-03-11 14:14:21,865 - INFO - ended. process_time: 0.00398707389831543
2024-03-11 14:15:22,929 - INFO - Starting ................
2024-03-11 14:15:22,930 - INFO - ended. process_time: 0.0
2024-03-11 14:15:48,520 - INFO - Starting ................
2024-03-11 14:15:48,523 - INFO - ended. process_time: 0.0019893646240234375
2024-03-11 14:16:09,869 - INFO - Starting ................
2024-03-11 14:16:09,873 - INFO - ended. process_time: 0.001983642578125
2024-03-11 14:16:18,616 - INFO - Starting ................
2024-03-11 14:16:18,617 - INFO - ended. process_time: 0.0009965896606445312
2024-03-11 14:17:17,176 - INFO - starting app
2024-03-11 14:17:18,923 - INFO - starting app
